{"C:\\_GitHub_d\\12.04_jest_\\src\\calculate.js": {"path":"C:\\_GitHub_d\\12.04_jest_\\src\\calculate.js","statementMap":{"0":{"start":{"line":2,"column":4},"end":{"line":4,"column":10}},"1":{"start":{"line":3,"column":8},"end":{"line":3,"column":49}}},"fnMap":{"0":{"name":"calculateTotal","decl":{"start":{"line":1,"column":16},"end":{"line":1,"column":30}},"loc":{"start":{"line":1,"column":43},"end":{"line":5,"column":1}},"line":1},"1":{"name":"(anonymous_1)","decl":{"start":{"line":2,"column":28},"end":{"line":2,"column":29}},"loc":{"start":{"line":2,"column":45},"end":{"line":4,"column":5}},"line":2}},"branchMap":{},"s":{"0":1,"1":2},"f":{"0":1,"1":2},"b":{},"_coverageSchema":"1a1c01bbd47fc00a2c39e90264f33305004495a9","hash":"21276e5dab0bef3d273151af8723c60c9ce06694"}
}
